/*C1*/SET SCHEMA SYSTEM_LOBS
INSERT INTO BLOCKS VALUES(0,2147483647,0)
COMMIT
/*C2*/SET SCHEMA PUBLIC
CREATE TABLE "PUBLIC"."flyway_schema_history" (\u000a    "installed_rank" INT NOT NULL,\u000a    "version" VARCHAR(50),\u000a    "description" VARCHAR(200) NOT NULL,\u000a    "type" VARCHAR(20) NOT NULL,\u000a    "script" VARCHAR(1000) NOT NULL,\u000a    "checksum" INT,\u000a    "installed_by" VARCHAR(100) NOT NULL,\u000a    "installed_on" TIMESTAMP DEFAULT CURRENT_TIMESTAMP NOT NULL,\u000a    "execution_time" INT NOT NULL,\u000a    "success" BIT NOT NULL\u000a)
ALTER TABLE "PUBLIC"."flyway_schema_history" ADD CONSTRAINT "flyway_schema_history_pk" PRIMARY KEY ("installed_rank")
CREATE INDEX "PUBLIC"."flyway_schema_history_s_idx" ON "PUBLIC"."flyway_schema_history" ("success")
SET SCHEMA "PUBLIC"
create table incidents (id bigint generated by default as identity (start with 1), status varchar(255), text varchar(1024), timestamp timestamp, title varchar(255), work_group varchar(255), user_id bigint, primary key (id))
create table user_role (user_id bigint not null, roles varchar(255))
create table users (id bigint generated by default as identity (start with 1), password varchar(255), username varchar(255), primary key (id))
alter table incidents add constraint FKkcwpxf40y1etvwdeqsx19julp foreign key (user_id) references users
alter table user_role add constraint FKj345gk1bovqvfame88rcx7yyx foreign key (user_id) references users
INSERT INTO "flyway_schema_history" VALUES(1,'1','Init DB','SQL','V1__Init_DB.sql',-1580864233,'SA','2023-03-26 21:57:31.655340',3,'1')
COMMIT
SET SCHEMA "PUBLIC"
INSERT INTO USERS VALUES(1,'admin','admin')
INSERT INTO USERS VALUES(2,'user','user')
INSERT INTO USER_ROLE VALUES(1,'ROLE_ADMIN')
INSERT INTO USER_ROLE VALUES(1,'ROLE_USER')
INSERT INTO USER_ROLE VALUES(2,'ROLE_USER')
INSERT INTO "flyway_schema_history" VALUES(2,'2','Add users','SQL','V2__Add_users.sql',1440725533,'SA','2023-03-26 21:57:31.663862',1,'1')
COMMIT
SET SCHEMA "PUBLIC"
INSERT INTO INCIDENTS VALUES(1,'\u0412 \u0440\u0430\u0431\u043e\u0442\u0435','\u041d\u0443\u0436\u043d\u043e \u0447\u0442\u043e-\u0442\u043e \u0438\u0441\u043f\u0440\u0430\u0432\u0438\u0442\u044c','2023-03-19 21:00:00.000000','\u0421\u0435\u0440\u044c\u0451\u0437\u043d\u0430\u044f \u043e\u0448\u0438\u0431\u043a\u0430','\u0426\u0424\u0422-\u0411\u0410\u041d\u041a',1)
INSERT INTO INCIDENTS VALUES(2,'\u0417\u0430\u043a\u0440\u044b\u0442\u043e','\u041d\u0443\u0436\u043d\u043e \u0435\u0449\u0451 \u0447\u0442\u043e-\u0442\u043e \u0438\u0441\u043f\u0440\u0430\u0432\u0438\u0442\u044c','2023-03-19 12:00:00.000000','\u041e\u0447\u0435\u043d\u044c \u0441\u0435\u0440\u044c\u0451\u0437\u043d\u0430\u044f \u043e\u0448\u0438\u0431\u043a\u0430','\u041d\u043e\u0432\u0430\u044f \u0410\u0444\u0438\u043d\u0430',1)
INSERT INTO INCIDENTS VALUES(3,'\u0417\u0430\u043a\u0440\u044b\u0442\u043e','\u041d\u0443\u0436\u043d\u043e \u0435\u0449\u0451 \u0447\u0442\u043e-\u0442\u043e \u0438\u0441\u043f\u0440\u0430\u0432\u0438\u0442\u044c','2023-03-19 12:00:00.000000','\u041e\u0447\u0435\u043d\u044c \u0441\u0435\u0440\u044c\u0451\u0437\u043d\u0430\u044f \u043e\u0448\u0438\u0431\u043a\u0430 \u043e\u0442 \u0434\u0440\u0443\u0433\u043e\u0433\u043e \u043f\u043e\u043b\u044c\u0437\u043e\u0432\u0430\u0442\u0435\u043b\u044f','\u0422\u0435\u0440\u0440\u0430\u0441\u043e\u0444\u0442 CRM',2)
INSERT INTO "flyway_schema_history" VALUES(3,'3','Add incidents','SQL','V3__Add_incidents.sql',-809922170,'SA','2023-03-26 21:57:31.670882',2,'1')
COMMIT
SET SCHEMA "PUBLIC"
INSERT INTO INCIDENTS VALUES(4,'\u0412 \u0440\u0430\u0431\u043e\u0442\u0435','\u0414\u043e\u0431\u0440\u044b\u0439 \u0434\u0435\u043d\u044c!\u000d\u000a\u0412 \u043f\u0440\u043e\u0433\u0440\u0430\u043c\u043c\u0435 Terrasoft \u043a\u043b\u0438\u0435\u043d\u0442 \u0418\u041d\u041d 111111111111 \u0418\u041f \u0424\u0418\u041e \u0437\u0430\u0432\u0435\u0434\u0435\u043d \u0434\u0432\u0430\u0436\u0434\u044b, \u043f\u0440\u043e\u0441\u044c\u0431\u0430 \u043e\u0431\u044a\u0435\u0434\u0438\u043d\u0438\u0442\u044c \u0438\u0445 \u0432 \u043e\u0434\u0438\u043d. \u041e\u0441\u043d\u043e\u0432\u043d\u044b\u043c \u0441\u0447\u0438\u0442\u0430\u0442\u044c \u0441 \u0441\u043e\u0437\u0434\u0430\u0442\u0435\u043b\u0435\u043c \u0420\u0410\u0411\u041e\u0422\u041d\u0418\u041a_\u0424\u0418\u041e','2023-03-26 21:59:17.644000','\u041e\u0431\u044a\u0435\u0434\u0438\u043d\u0435\u043d\u0438\u0435 \u0434\u043e\u0433\u043e\u0432\u043e\u0440\u043e\u0432 \u0432 Terrasoft ','\u0422\u0435\u0440\u0440\u0430\u0441\u043e\u0444\u0442 CRM',1)
COMMIT
DISCONNECT
/*C3*/SET SCHEMA PUBLIC
DISCONNECT
/*C4*/SET SCHEMA PUBLIC
DISCONNECT
/*C5*/SET SCHEMA PUBLIC
DISCONNECT
/*C6*/SET SCHEMA PUBLIC
DISCONNECT
/*C7*/SET SCHEMA PUBLIC
DISCONNECT
/*C8*/SET SCHEMA PUBLIC
DISCONNECT
/*C9*/SET SCHEMA PUBLIC
DISCONNECT
/*C10*/SET SCHEMA PUBLIC
DISCONNECT
/*C11*/SET SCHEMA PUBLIC
DISCONNECT
